======================================================================
  MULTI-STRATEGY PAPER TRADING
  Config: config/gbpusd_multi.yaml
  Pairs: GBPUSD
  Strategies: 5
    ma_crossover/daily  weight=0.3
    ma_crossover/4h  weight=0.25
    momentum/4h  weight=0.2
    bollinger_rsi/4h  weight=0.15
    momentum/1h  weight=0.1
  Equity: 999,948.78
  Check interval: 1800s
  Notifications: ntfy.sh/tianmin_forex_signal
======================================================================

Existing positions:
  GBPUSD: LONG 132974 @ 1.3509
  GBPJPY: LONG 4238 @ 215.5020
  CADJPY: LONG 5199 @ 116.5690

Running in loop mode (every 1800s). Ctrl+C to stop.

======================================================================
  Multi-Strategy Cycle — 2026-04-17 06:46 UTC
  Equity: 999,948.78
======================================================================

--- GBPUSD ---
     ma_crossover/daily   w=0.30  signal=+1.000
     ma_crossover/4h      w=0.25  signal=+1.000
         momentum/4h      w=0.20  signal=-1.000
    bollinger_rsi/4h      w=0.15  signal=-1.000
         momentum/1h      w=0.10  signal=-1.000
          BLENDED        signal=+0.100
  Price: 1.35068 / 1.35098  (spread: 3.0 pips)
  Current: LONG 132974
  Proposed: REBALANCE LONG 132974 -> 50887 (+62%)
2026-04-16 23:46:48,321 INFO Order placed: Buy GBPUSD 50887 Market (OrderId=5037832668)
  Result: REBALANCED — EXECUTED
2026-04-16 23:46:48,321 INFO Notification suppressed (quiet hours): Trade REBALANCED — EXECUTED: GBPUSD

  Reconciliation: OK

Next check in 1800s...

======================================================================
  Multi-Strategy Cycle — 2026-04-17 11:10 UTC
  Equity: 999,971.12
======================================================================

--- GBPUSD ---
     ma_crossover/daily   w=0.30  signal=+1.000
     ma_crossover/4h      w=0.25  signal=+1.000
         momentum/4h      w=0.20  signal=+1.000
    bollinger_rsi/4h      w=0.15  signal=-1.000
         momentum/1h      w=0.10  signal=-1.000
          BLENDED        signal=+0.500
  Price: 1.35223 / 1.35253  (spread: 3.0 pips)
  Current: LONG 50887
  Proposed: REBALANCE LONG 50887 -> 253722 (+399%)
2026-04-17 04:10:44,343 INFO Order placed: Buy GBPUSD 253722 Market (OrderId=5037837782)
  Result: REBALANCED — EXECUTED
2026-04-17 04:10:44,344 INFO Notification suppressed (quiet hours): Trade REBALANCED — EXECUTED: GBPUSD

  Reconciliation: OK

Next check in 1800s...
2026-04-17 12:18:59,945 WARNING Could not fetch balance: HTTPSConnectionPool(host='gateway.saxobank.com', port=443): Read timed out. (read timeout=None) — using 100K fallback
2026-04-17 12:18:59,946 CRITICAL KILL SWITCH TRIGGERED: daily_loss_exceeded — Daily P&L: -90.00% (threshold: -2.00%) (equity: 100000.00)

  KILL SWITCH TRIGGERED: HALTED: daily_loss_exceeded at 19:18 UTC
2026-04-17 12:19:00,965 WARNING Failed to send notification: 'latin-1' codec can't encode character '\u2014' in position 12: ordinal not in range(256)

Next check in 1800s...

  KILL SWITCH ACTIVE: HALTED: daily_loss_exceeded at 19:18 UTC

Next check in 1800s...

  KILL SWITCH ACTIVE: HALTED: daily_loss_exceeded at 19:18 UTC
2026-04-18 00:49:18,998 INFO Notification suppressed (quiet hours): KILL SWITCH ACTIVE

Next check in 1800s...

  KILL SWITCH ACTIVE: HALTED: daily_loss_exceeded at 19:18 UTC
2026-04-18 07:25:27,144 INFO Notification suppressed (quiet hours): KILL SWITCH ACTIVE

Next check in 1800s...
