============================================================
  PAPER TRADING — JPY Carry-Momentum Portfolio
  Config: config/carry_momentum_portfolio.yaml
  Auth: static token
  Mode: SUPERVISED (auto-approve)
  Pairs: USDJPY, GBPJPY, CADJPY
  Account: REDACTED_ACCOUNT_KEY
  Equity: 999,964.38
  Kill switch: OK (max daily loss: 2.0%)
============================================================

Existing positions:
  GBPJPY: LONG 4238 @ 215.5020
  CADJPY: LONG 5199 @ 116.5690

Running in loop mode (every 1800s). Ctrl+C to stop.

============================================================
  Signal Cycle — 2026-04-17 06:29 UTC
  Account equity: 999,964.34
============================================================

--- USDJPY ---
  Signal:      +0.000
  Price:       159.4770 / 159.4970  (spread: 2.0 pips)
  Current:     FLAT
  Proposed:    HOLD FLAT
  Action:      NO CHANGE NEEDED

--- GBPJPY ---
  Signal:      +0.449
  Price:       215.4090 / 215.4790  (spread: 7.0 pips)
  Current:     LONG 4238
  Proposed:    GO LONG 4236 units
  Action:      NO CHANGE NEEDED

--- CADJPY ---
  Signal:      +0.320
  Price:       116.5260 / 116.5760  (spread: 5.0 pips)
  Current:     LONG 5199
  Proposed:    GO LONG 5199 units
  Action:      NO CHANGE NEEDED

  Reconciliation: OK
/Users/huangtm/Projects/forex-trading-system/src/forex_system/analysis/prediction_log.py:85: UserWarning: Converting to PeriodArray/Index representation will drop timezone information.
  all_records["_month"] = pd.to_datetime(all_records["timestamp"]).dt.to_period("M")

Next check in 1800s...

============================================================
  Signal Cycle — 2026-04-17 07:25 UTC
  Account equity: 999,926.46
============================================================

--- USDJPY ---
  Signal:      +0.000
  Price:       159.3290 / 159.3490  (spread: 2.0 pips)
  Current:     FLAT
  Proposed:    HOLD FLAT
  Action:      NO CHANGE NEEDED

--- GBPJPY ---
  Signal:      +0.448
  Price:       215.2710 / 215.3410  (spread: 7.0 pips)
  Current:     LONG 4238
  Proposed:    GO LONG 4119 units
  Action:      NO CHANGE NEEDED

--- CADJPY ---
  Signal:      +0.319
  Price:       116.4130 / 116.4630  (spread: 5.0 pips)
  Current:     LONG 5199
  Proposed:    GO LONG 4979 units
  Action:      NO CHANGE NEEDED

  Reconciliation: OK
/Users/huangtm/Projects/forex-trading-system/src/forex_system/analysis/prediction_log.py:85: UserWarning: Converting to PeriodArray/Index representation will drop timezone information.
  all_records["_month"] = pd.to_datetime(all_records["timestamp"]).dt.to_period("M")

Next check in 1800s...
2026-04-17 07:47:25,508 WARNING Could not fetch account balance: HTTPSConnectionPool(host='gateway.saxobank.com', port=443): Read timed out. (read timeout=None) — using 100K fallback
2026-04-17 07:47:25,509 CRITICAL KILL SWITCH TRIGGERED: daily_loss_exceeded — Daily P&L: -90.00% (threshold: -2.00%) (equity: 100000.00)

  KILL SWITCH TRIGGERED: HALTED: daily_loss_exceeded at 14:47 UTC
  Flattening all positions...

Next check in 1800s...

  KILL SWITCH ACTIVE: HALTED: daily_loss_exceeded at 14:47 UTC
  No trades will be executed. Reset required.

Next check in 1800s...

  KILL SWITCH ACTIVE: HALTED: daily_loss_exceeded at 14:47 UTC
  No trades will be executed. Reset required.
2026-04-17 22:17:53,739 INFO Notification suppressed (quiet hours): KILL SWITCH ACTIVE

Next check in 1800s...

  KILL SWITCH ACTIVE: HALTED: daily_loss_exceeded at 14:47 UTC
  No trades will be executed. Reset required.
2026-04-18 03:38:45,614 INFO Notification suppressed (quiet hours): KILL SWITCH ACTIVE

Next check in 1800s...

  KILL SWITCH ACTIVE: HALTED: daily_loss_exceeded at 14:47 UTC
  No trades will be executed. Reset required.

Next check in 1800s...
(eval):1: command not found: python
2026-04-19 22:39:03,162 WARNING Could not fetch account balance: HTTPSConnectionPool(host='gateway.saxobank.com', port=443): Read timed out. (read timeout=30)
2026-04-19 22:39:03,162 INFO Notification suppressed (quiet hours): Paper trading skipped
2026-04-19 23:09:07,109 INFO Order placed: Buy USDJPY 1979 Market (OrderId=5037854503)
2026-04-19 23:09:07,111 INFO Notification suppressed (quiet hours): Trade EXECUTED: USDJPY
2026-04-19 23:09:09,561 INFO Order placed: Buy GBPJPY 1334 Market (OrderId=5037854504)
2026-04-19 23:09:09,561 INFO Notification suppressed (quiet hours): Trade EXECUTED: GBPJPY
2026-04-19 23:09:12,618 INFO Order placed: Buy CADJPY 1258 Market (OrderId=5037854505)
2026-04-19 23:09:12,618 INFO Notification suppressed (quiet hours): Trade EXECUTED: CADJPY
/Users/huangtm/Projects/forex-trading-system/src/forex_system/analysis/prediction_log.py:85: UserWarning: Converting to PeriodArray/Index representation will drop timezone information.
  all_records["_month"] = pd.to_datetime(all_records["timestamp"]).dt.to_period("M")
/Users/huangtm/Projects/forex-trading-system/src/forex_system/analysis/prediction_log.py:85: UserWarning: Converting to PeriodArray/Index representation will drop timezone information.
  all_records["_month"] = pd.to_datetime(all_records["timestamp"]).dt.to_period("M")
{"ts": "2026-05-03T06:34:41.974650+00:00", "strategy": "vt", "equity": 1000000.0}
{"ts": "2026-05-03T06:34:48.079771+00:00", "strategy": "vt", "equity": 100000.0}
{"ts": "2026-05-03T06:34:49.102249+00:00", "strategy": "vt", "equity": 100000.0}
{"ts": "2026-05-03T06:34:50.128120+00:00", "strategy": "vt", "equity": 100000.0}
{"ts": "2026-05-03T06:34:51.183469+00:00", "strategy": "vt", "equity": 100000.0}
{"ts": "2026-05-03T06:34:52.212904+00:00", "strategy": "vt", "equity": 100000.0}
{"ts": "2026-05-03T06:34:53.244061+00:00", "strategy": "vt", "equity": 100000.0}
{"ts": "2026-05-03T06:37:01.635640+00:00", "strategy": "vt", "equity": 1000000.0}
{"ts": "2026-05-03T06:37:07.694873+00:00", "strategy": "vt", "equity": 100000.0}
{"ts": "2026-05-03T06:37:08.709593+00:00", "strategy": "vt", "equity": 100000.0}
{"ts": "2026-05-03T06:37:09.725025+00:00", "strategy": "vt", "equity": 100000.0}
{"ts": "2026-05-03T06:37:10.766121+00:00", "strategy": "vt", "equity": 100000.0}
{"ts": "2026-05-03T06:37:11.790474+00:00", "strategy": "vt", "equity": 100000.0}
{"ts": "2026-05-03T06:37:12.811130+00:00", "strategy": "vt", "equity": 100000.0}
{"ts": "2026-05-03T18:04:28.600879+00:00", "strategy": "vt", "equity": 1000000.0}
{"ts": "2026-05-03T18:04:34.694474+00:00", "strategy": "vt", "equity": 100000.0}
{"ts": "2026-05-03T18:04:35.703555+00:00", "strategy": "vt", "equity": 100000.0}
{"ts": "2026-05-03T18:04:36.712970+00:00", "strategy": "vt", "equity": 100000.0}
{"ts": "2026-05-03T18:04:37.737285+00:00", "strategy": "vt", "equity": 100000.0}
{"ts": "2026-05-03T18:04:38.316621+00:00", "strategy": "vt", "equity": 1000000.0}
{"ts": "2026-05-03T18:04:38.766773+00:00", "strategy": "vt", "equity": 100000.0}
{"ts": "2026-05-03T18:04:39.798943+00:00", "strategy": "vt", "equity": 100000.0}
{"ts": "2026-05-03T18:04:44.409606+00:00", "strategy": "vt", "equity": 100000.0}
{"ts": "2026-05-03T18:04:45.436888+00:00", "strategy": "vt", "equity": 100000.0}
{"ts": "2026-05-03T18:04:46.458862+00:00", "strategy": "vt", "equity": 100000.0}
{"ts": "2026-05-03T18:04:47.525609+00:00", "strategy": "vt", "equity": 100000.0}
{"ts": "2026-05-03T18:04:48.545481+00:00", "strategy": "vt", "equity": 100000.0}
{"ts": "2026-05-03T18:04:49.578994+00:00", "strategy": "vt", "equity": 100000.0}
{"ts": "2026-05-06T06:37:37.409531+00:00", "strategy": "vt", "equity": 1000000.0}
{"ts": "2026-05-06T06:37:43.594618+00:00", "strategy": "vt", "equity": 100000.0}
{"ts": "2026-05-06T06:37:44.618285+00:00", "strategy": "vt", "equity": 100000.0}
{"ts": "2026-05-06T06:37:45.632515+00:00", "strategy": "vt", "equity": 100000.0}
{"ts": "2026-05-06T06:37:46.682943+00:00", "strategy": "vt", "equity": 100000.0}
{"ts": "2026-05-06T06:37:47.715438+00:00", "strategy": "vt", "equity": 100000.0}
{"ts": "2026-05-06T06:37:48.730683+00:00", "strategy": "vt", "equity": 100000.0}
{"ts": "2026-05-06T06:41:20.961077+00:00", "strategy": "vt", "equity": 1000000.0, "cost_pips": 0.75, "cost_usd": 9034.9445, "paper_equity_bt_equiv": 990965.0555}
{"ts": "2026-05-06T06:41:29.163237+00:00", "strategy": "vt", "equity": 100000.0, "cost_pips": 0.0, "cost_usd": 0.0, "paper_equity_bt_equiv": 100000.0}
{"ts": "2026-05-06T06:41:30.188316+00:00", "strategy": "vt", "equity": 100000.0, "cost_pips": 0.0, "cost_usd": 0.0, "paper_equity_bt_equiv": 100000.0}
{"ts": "2026-05-06T06:41:31.214649+00:00", "strategy": "vt", "equity": 100000.0, "cost_pips": 0.0, "cost_usd": 0.0, "paper_equity_bt_equiv": 100000.0}
{"ts": "2026-05-06T06:41:32.263326+00:00", "strategy": "vt", "equity": 100000.0, "cost_pips": 0.0, "cost_usd": 0.0, "paper_equity_bt_equiv": 100000.0}
{"ts": "2026-05-06T06:41:33.301582+00:00", "strategy": "vt", "equity": 100000.0, "cost_pips": 0.0, "cost_usd": 0.0, "paper_equity_bt_equiv": 100000.0}
{"ts": "2026-05-06T06:41:34.321570+00:00", "strategy": "vt", "equity": 100000.0, "cost_pips": 0.0, "cost_usd": 0.0, "paper_equity_bt_equiv": 100000.0}
{"ts": "2026-05-06T07:02:17.998699+00:00", "strategy": "vt", "equity": 1000000.0, "cost_pips": 0.75, "cost_usd": 9034.9445, "paper_equity_bt_equiv": 990965.0555}
{"ts": "2026-05-06T07:02:26.226123+00:00", "strategy": "vt", "equity": 100000.0, "cost_pips": 0.0, "cost_usd": 0.0, "paper_equity_bt_equiv": 100000.0}
{"ts": "2026-05-06T07:02:27.248153+00:00", "strategy": "vt", "equity": 100000.0, "cost_pips": 0.0, "cost_usd": 0.0, "paper_equity_bt_equiv": 100000.0}
{"ts": "2026-05-06T07:02:28.272008+00:00", "strategy": "vt", "equity": 100000.0, "cost_pips": 0.0, "cost_usd": 0.0, "paper_equity_bt_equiv": 100000.0}
{"ts": "2026-05-06T07:02:29.326362+00:00", "strategy": "vt", "equity": 100000.0, "cost_pips": 0.0, "cost_usd": 0.0, "paper_equity_bt_equiv": 100000.0}
{"ts": "2026-05-06T07:02:30.360097+00:00", "strategy": "vt", "equity": 100000.0, "cost_pips": 0.0, "cost_usd": 0.0, "paper_equity_bt_equiv": 100000.0}
{"ts": "2026-05-06T07:02:31.379762+00:00", "strategy": "vt", "equity": 100000.0, "cost_pips": 0.0, "cost_usd": 0.0, "paper_equity_bt_equiv": 100000.0}
{"ts": "2026-05-06T07:42:06.222253+00:00", "strategy": "vt", "equity": 1000000.0, "cost_pips": 0.75, "cost_usd": 9034.9445, "paper_equity_bt_equiv": 990965.0555}
{"ts": "2026-05-06T07:42:14.443793+00:00", "strategy": "vt", "equity": 100000.0, "cost_pips": 0.0, "cost_usd": 0.0, "paper_equity_bt_equiv": 100000.0}
{"ts": "2026-05-06T07:42:15.455004+00:00", "strategy": "vt", "equity": 100000.0, "cost_pips": 0.0, "cost_usd": 0.0, "paper_equity_bt_equiv": 100000.0}
{"ts": "2026-05-06T07:42:16.480985+00:00", "strategy": "vt", "equity": 100000.0, "cost_pips": 0.0, "cost_usd": 0.0, "paper_equity_bt_equiv": 100000.0}
{"ts": "2026-05-06T07:42:17.535685+00:00", "strategy": "vt", "equity": 100000.0, "cost_pips": 0.0, "cost_usd": 0.0, "paper_equity_bt_equiv": 100000.0}
{"ts": "2026-05-06T07:42:18.570239+00:00", "strategy": "vt", "equity": 100000.0, "cost_pips": 0.0, "cost_usd": 0.0, "paper_equity_bt_equiv": 100000.0}
{"ts": "2026-05-06T07:42:19.587082+00:00", "strategy": "vt", "equity": 100000.0, "cost_pips": 0.0, "cost_usd": 0.0, "paper_equity_bt_equiv": 100000.0}
{"ts": "2026-05-06T15:58:07.464043+00:00", "strategy": "vt", "equity": 1000000.0, "cost_pips": 0.75, "cost_usd": 9034.9445, "swap_usd": 0.0, "paper_equity_bt_equiv": 990965.0555}
{"ts": "2026-05-06T15:58:15.677076+00:00", "strategy": "vt", "equity": 100000.0, "cost_pips": 0.0, "cost_usd": 0.0, "swap_usd": 0.0, "paper_equity_bt_equiv": 100000.0}
{"ts": "2026-05-06T15:58:16.702768+00:00", "strategy": "vt", "equity": 100000.0, "cost_pips": 0.0, "cost_usd": 0.0, "swap_usd": 0.0, "paper_equity_bt_equiv": 100000.0}
{"ts": "2026-05-06T15:58:17.723813+00:00", "strategy": "vt", "equity": 100000.0, "cost_pips": 0.0, "cost_usd": 0.0, "swap_usd": 0.0, "paper_equity_bt_equiv": 100000.0}
{"ts": "2026-05-06T15:58:18.765871+00:00", "strategy": "vt", "equity": 100000.0, "cost_pips": 0.0, "cost_usd": 0.0, "swap_usd": 0.0, "paper_equity_bt_equiv": 100000.0}
{"ts": "2026-05-06T15:58:19.799930+00:00", "strategy": "vt", "equity": 100000.0, "cost_pips": 0.0, "cost_usd": 0.0, "swap_usd": 0.0, "paper_equity_bt_equiv": 100000.0}
{"ts": "2026-05-06T15:58:20.827575+00:00", "strategy": "vt", "equity": 100000.0, "cost_pips": 0.0, "cost_usd": 0.0, "swap_usd": 0.0, "paper_equity_bt_equiv": 100000.0}
{"ts": "2026-05-06T16:04:18.369290+00:00", "strategy": "vt", "equity": 1000000.0, "cost_pips": 0.75, "cost_usd": 9034.9445, "swap_usd": 0.0, "paper_equity_bt_equiv": 990965.0555}
{"ts": "2026-05-06T16:04:35.141274+00:00", "strategy": "vt", "equity": 100000.0, "cost_pips": 0.0, "cost_usd": 0.0, "swap_usd": 0.0, "paper_equity_bt_equiv": 100000.0}
{"ts": "2026-05-06T16:04:36.166310+00:00", "strategy": "vt", "equity": 100000.0, "cost_pips": 0.0, "cost_usd": 0.0, "swap_usd": 0.0, "paper_equity_bt_equiv": 100000.0}
{"ts": "2026-05-06T16:04:37.191292+00:00", "strategy": "vt", "equity": 100000.0, "cost_pips": 0.0, "cost_usd": 0.0, "swap_usd": 0.0, "paper_equity_bt_equiv": 100000.0}
{"ts": "2026-05-06T16:04:38.247527+00:00", "strategy": "vt", "equity": 100000.0, "cost_pips": 0.0, "cost_usd": 0.0, "swap_usd": 0.0, "paper_equity_bt_equiv": 100000.0}
{"ts": "2026-05-06T16:04:39.284424+00:00", "strategy": "vt", "equity": 100000.0, "cost_pips": 0.0, "cost_usd": 0.0, "swap_usd": 0.0, "paper_equity_bt_equiv": 100000.0}
{"ts": "2026-05-06T16:04:40.300978+00:00", "strategy": "vt", "equity": 100000.0, "cost_pips": 0.0, "cost_usd": 0.0, "swap_usd": 0.0, "paper_equity_bt_equiv": 100000.0}
{"ts": "2026-05-06T16:06:04.665940+00:00", "strategy": "vt", "equity": 1000000.0, "cost_pips": 0.75, "cost_usd": 9034.9445, "swap_usd": 0.0, "paper_equity_bt_equiv": 990965.0555}
{"ts": "2026-05-06T16:06:21.468224+00:00", "strategy": "vt", "equity": 100000.0, "cost_pips": 0.0, "cost_usd": 0.0, "swap_usd": 0.0, "paper_equity_bt_equiv": 100000.0}
{"ts": "2026-05-06T16:06:22.492461+00:00", "strategy": "vt", "equity": 100000.0, "cost_pips": 0.0, "cost_usd": 0.0, "swap_usd": 0.0, "paper_equity_bt_equiv": 100000.0}
{"ts": "2026-05-06T16:06:23.517408+00:00", "strategy": "vt", "equity": 100000.0, "cost_pips": 0.0, "cost_usd": 0.0, "swap_usd": 0.0, "paper_equity_bt_equiv": 100000.0}
{"ts": "2026-05-06T16:06:24.568407+00:00", "strategy": "vt", "equity": 100000.0, "cost_pips": 0.0, "cost_usd": 0.0, "swap_usd": 0.0, "paper_equity_bt_equiv": 100000.0}
{"ts": "2026-05-06T16:06:25.598409+00:00", "strategy": "vt", "equity": 100000.0, "cost_pips": 0.0, "cost_usd": 0.0, "swap_usd": 0.0, "paper_equity_bt_equiv": 100000.0}
{"ts": "2026-05-06T16:06:26.622834+00:00", "strategy": "vt", "equity": 100000.0, "cost_pips": 0.0, "cost_usd": 0.0, "swap_usd": 0.0, "paper_equity_bt_equiv": 100000.0}
{"ts": "2026-05-06T16:09:25.699831+00:00", "strategy": "vt", "equity": 1000000.0, "cost_pips": 0.75, "cost_usd": 9034.9445, "swap_usd": 0.0, "paper_equity_bt_equiv": 990965.0555}
{"ts": "2026-05-06T16:09:42.383132+00:00", "strategy": "vt", "equity": 100000.0, "cost_pips": 0.0, "cost_usd": 0.0, "swap_usd": 0.0, "paper_equity_bt_equiv": 100000.0}
{"ts": "2026-05-06T16:09:43.407583+00:00", "strategy": "vt", "equity": 100000.0, "cost_pips": 0.0, "cost_usd": 0.0, "swap_usd": 0.0, "paper_equity_bt_equiv": 100000.0}
{"ts": "2026-05-06T16:09:44.427595+00:00", "strategy": "vt", "equity": 100000.0, "cost_pips": 0.0, "cost_usd": 0.0, "swap_usd": 0.0, "paper_equity_bt_equiv": 100000.0}
{"ts": "2026-05-06T16:09:45.473605+00:00", "strategy": "vt", "equity": 100000.0, "cost_pips": 0.0, "cost_usd": 0.0, "swap_usd": 0.0, "paper_equity_bt_equiv": 100000.0}
{"ts": "2026-05-06T16:09:46.498531+00:00", "strategy": "vt", "equity": 100000.0, "cost_pips": 0.0, "cost_usd": 0.0, "swap_usd": 0.0, "paper_equity_bt_equiv": 100000.0}
{"ts": "2026-05-06T16:09:47.523811+00:00", "strategy": "vt", "equity": 100000.0, "cost_pips": 0.0, "cost_usd": 0.0, "swap_usd": 0.0, "paper_equity_bt_equiv": 100000.0}
{"ts": "2026-05-06T16:11:33.826946+00:00", "strategy": "vt", "equity": 1000000.0, "cost_pips": 0.75, "cost_usd": 9034.9445, "swap_usd": 0.0, "paper_equity_bt_equiv": 990965.0555}
{"ts": "2026-05-06T16:11:50.494463+00:00", "strategy": "vt", "equity": 100000.0, "cost_pips": 0.0, "cost_usd": 0.0, "swap_usd": 0.0, "paper_equity_bt_equiv": 100000.0}
{"ts": "2026-05-06T16:11:51.512128+00:00", "strategy": "vt", "equity": 100000.0, "cost_pips": 0.0, "cost_usd": 0.0, "swap_usd": 0.0, "paper_equity_bt_equiv": 100000.0}
{"ts": "2026-05-06T16:11:52.530645+00:00", "strategy": "vt", "equity": 100000.0, "cost_pips": 0.0, "cost_usd": 0.0, "swap_usd": 0.0, "paper_equity_bt_equiv": 100000.0}
{"ts": "2026-05-06T16:11:53.580794+00:00", "strategy": "vt", "equity": 100000.0, "cost_pips": 0.0, "cost_usd": 0.0, "swap_usd": 0.0, "paper_equity_bt_equiv": 100000.0}
{"ts": "2026-05-06T16:11:54.600081+00:00", "strategy": "vt", "equity": 100000.0, "cost_pips": 0.0, "cost_usd": 0.0, "swap_usd": 0.0, "paper_equity_bt_equiv": 100000.0}
{"ts": "2026-05-06T16:11:55.621941+00:00", "strategy": "vt", "equity": 100000.0, "cost_pips": 0.0, "cost_usd": 0.0, "swap_usd": 0.0, "paper_equity_bt_equiv": 100000.0}
{"ts": "2026-05-06T16:22:01.444505+00:00", "strategy": "vt", "equity": 1000000.0, "cost_pips": 0.75, "cost_usd": 9034.9445, "swap_usd": 0.0, "paper_equity_bt_equiv": 990965.0555}
{"ts": "2026-05-06T16:22:18.233437+00:00", "strategy": "vt", "equity": 100000.0, "cost_pips": 0.0, "cost_usd": 0.0, "swap_usd": 0.0, "paper_equity_bt_equiv": 100000.0}
{"ts": "2026-05-06T16:22:21.470727+00:00", "strategy": "vt", "equity": 100000.0, "cost_pips": 0.0, "cost_usd": 0.0, "swap_usd": 0.0, "paper_equity_bt_equiv": 100000.0}
{"ts": "2026-05-06T16:22:22.538558+00:00", "strategy": "vt", "equity": 100000.0, "cost_pips": 0.0, "cost_usd": 0.0, "swap_usd": 0.0, "paper_equity_bt_equiv": 100000.0}
{"ts": "2026-05-06T16:22:23.594658+00:00", "strategy": "vt", "equity": 100000.0, "cost_pips": 0.0, "cost_usd": 0.0, "swap_usd": 0.0, "paper_equity_bt_equiv": 100000.0}
{"ts": "2026-05-06T16:22:24.625812+00:00", "strategy": "vt", "equity": 100000.0, "cost_pips": 0.0, "cost_usd": 0.0, "swap_usd": 0.0, "paper_equity_bt_equiv": 100000.0}
{"ts": "2026-05-06T16:22:25.650077+00:00", "strategy": "vt", "equity": 100000.0, "cost_pips": 0.0, "cost_usd": 0.0, "swap_usd": 0.0, "paper_equity_bt_equiv": 100000.0}
{"ts": "2026-05-06T23:09:47.744592+00:00", "strategy": "vt", "equity": 1000000.0, "cost_pips": 0.75, "cost_usd": 9034.9445, "swap_usd": 0.0, "paper_equity_bt_equiv": 990965.0555}
{"ts": "2026-05-06T23:10:04.370418+00:00", "strategy": "vt", "equity": 100000.0, "cost_pips": 0.0, "cost_usd": 0.0, "swap_usd": 0.0, "paper_equity_bt_equiv": 100000.0}
{"ts": "2026-05-06T23:10:05.389271+00:00", "strategy": "vt", "equity": 100000.0, "cost_pips": 0.0, "cost_usd": 0.0, "swap_usd": 0.0, "paper_equity_bt_equiv": 100000.0}
{"ts": "2026-05-06T23:10:06.407949+00:00", "strategy": "vt", "equity": 100000.0, "cost_pips": 0.0, "cost_usd": 0.0, "swap_usd": 0.0, "paper_equity_bt_equiv": 100000.0}
{"ts": "2026-05-06T23:10:07.447138+00:00", "strategy": "vt", "equity": 100000.0, "cost_pips": 0.0, "cost_usd": 0.0, "swap_usd": 0.0, "paper_equity_bt_equiv": 100000.0}
{"ts": "2026-05-06T23:10:08.470083+00:00", "strategy": "vt", "equity": 100000.0, "cost_pips": 0.0, "cost_usd": 0.0, "swap_usd": 0.0, "paper_equity_bt_equiv": 100000.0}
{"ts": "2026-05-06T23:10:09.492995+00:00", "strategy": "vt", "equity": 100000.0, "cost_pips": 0.0, "cost_usd": 0.0, "swap_usd": 0.0, "paper_equity_bt_equiv": 100000.0}
{"ts": "2026-05-06T23:21:41.634688+00:00", "strategy": "vt", "equity": 1000000.0, "cost_pips": 0.75, "cost_usd": 9034.9445, "swap_usd": 0.0, "paper_equity_bt_equiv": 990965.0555}
{"ts": "2026-05-06T23:21:58.427061+00:00", "strategy": "vt", "equity": 100000.0, "cost_pips": 0.0, "cost_usd": 0.0, "swap_usd": 0.0, "paper_equity_bt_equiv": 100000.0}
{"ts": "2026-05-06T23:21:59.451871+00:00", "strategy": "vt", "equity": 100000.0, "cost_pips": 0.0, "cost_usd": 0.0, "swap_usd": 0.0, "paper_equity_bt_equiv": 100000.0}
{"ts": "2026-05-06T23:22:00.476513+00:00", "strategy": "vt", "equity": 100000.0, "cost_pips": 0.0, "cost_usd": 0.0, "swap_usd": 0.0, "paper_equity_bt_equiv": 100000.0}
{"ts": "2026-05-06T23:22:01.522708+00:00", "strategy": "vt", "equity": 100000.0, "cost_pips": 0.0, "cost_usd": 0.0, "swap_usd": 0.0, "paper_equity_bt_equiv": 100000.0}
{"ts": "2026-05-06T23:22:02.557551+00:00", "strategy": "vt", "equity": 100000.0, "cost_pips": 0.0, "cost_usd": 0.0, "swap_usd": 0.0, "paper_equity_bt_equiv": 100000.0}
{"ts": "2026-05-06T23:22:03.586578+00:00", "strategy": "vt", "equity": 100000.0, "cost_pips": 0.0, "cost_usd": 0.0, "swap_usd": 0.0, "paper_equity_bt_equiv": 100000.0}
{"ts": "2026-05-07T04:02:03.971817+00:00", "strategy": "vt", "equity": 1000000.0, "cost_pips": 0.75, "cost_usd": 60.1728, "swap_usd": 0.0, "paper_equity_bt_equiv": 999939.8272}
{"ts": "2026-05-07T04:02:26.173097+00:00", "strategy": "vt", "equity": 100000.0, "cost_pips": 0.0, "cost_usd": 0.0, "swap_usd": 0.0, "paper_equity_bt_equiv": 100000.0}
{"ts": "2026-05-07T04:02:27.202805+00:00", "strategy": "vt", "equity": 100000.0, "cost_pips": 0.0, "cost_usd": 0.0, "swap_usd": 0.0, "paper_equity_bt_equiv": 100000.0}
{"ts": "2026-05-07T04:02:28.231245+00:00", "strategy": "vt", "equity": 100000.0, "cost_pips": 0.0, "cost_usd": 0.0, "swap_usd": 0.0, "paper_equity_bt_equiv": 100000.0}
{"ts": "2026-05-07T04:02:29.294083+00:00", "strategy": "vt", "equity": 100000.0, "cost_pips": 0.0, "cost_usd": 0.0, "swap_usd": 0.0, "paper_equity_bt_equiv": 100000.0}
{"ts": "2026-05-07T04:02:30.327466+00:00", "strategy": "vt", "equity": 100000.0, "cost_pips": 0.0, "cost_usd": 0.0, "swap_usd": 0.0, "paper_equity_bt_equiv": 100000.0}
{"ts": "2026-05-07T04:02:31.361033+00:00", "strategy": "vt", "equity": 100000.0, "cost_pips": 0.0, "cost_usd": 0.0, "swap_usd": 0.0, "paper_equity_bt_equiv": 100000.0}
{"ts": "2026-05-07T04:03:14.629069+00:00", "strategy": "vt", "equity": 1000000.0, "cost_pips": 0.75, "cost_usd": 60.1728, "swap_usd": 0.0, "paper_equity_bt_equiv": 999939.8272}
{"ts": "2026-05-07T04:03:36.805805+00:00", "strategy": "vt", "equity": 100000.0, "cost_pips": 0.0, "cost_usd": 0.0, "swap_usd": 0.0, "paper_equity_bt_equiv": 100000.0}
{"ts": "2026-05-07T04:03:37.840844+00:00", "strategy": "vt", "equity": 100000.0, "cost_pips": 0.0, "cost_usd": 0.0, "swap_usd": 0.0, "paper_equity_bt_equiv": 100000.0}
{"ts": "2026-05-07T04:03:38.874473+00:00", "strategy": "vt", "equity": 100000.0, "cost_pips": 0.0, "cost_usd": 0.0, "swap_usd": 0.0, "paper_equity_bt_equiv": 100000.0}
{"ts": "2026-05-07T04:03:39.944285+00:00", "strategy": "vt", "equity": 100000.0, "cost_pips": 0.0, "cost_usd": 0.0, "swap_usd": 0.0, "paper_equity_bt_equiv": 100000.0}
{"ts": "2026-05-07T04:03:40.982121+00:00", "strategy": "vt", "equity": 100000.0, "cost_pips": 0.0, "cost_usd": 0.0, "swap_usd": 0.0, "paper_equity_bt_equiv": 100000.0}
{"ts": "2026-05-07T04:03:42.016816+00:00", "strategy": "vt", "equity": 100000.0, "cost_pips": 0.0, "cost_usd": 0.0, "swap_usd": 0.0, "paper_equity_bt_equiv": 100000.0}
{"ts": "2026-05-07T04:07:27.980702+00:00", "strategy": "vt", "equity": 1000000.0, "cost_pips": 0.75, "cost_usd": 60.1728, "swap_usd": 0.0, "paper_equity_bt_equiv": 999939.8272}
{"ts": "2026-05-07T04:07:50.199579+00:00", "strategy": "vt", "equity": 100000.0, "cost_pips": 0.0, "cost_usd": 0.0, "swap_usd": 0.0, "paper_equity_bt_equiv": 100000.0}
{"ts": "2026-05-07T04:07:51.232953+00:00", "strategy": "vt", "equity": 100000.0, "cost_pips": 0.0, "cost_usd": 0.0, "swap_usd": 0.0, "paper_equity_bt_equiv": 100000.0}
{"ts": "2026-05-07T04:07:52.264150+00:00", "strategy": "vt", "equity": 100000.0, "cost_pips": 0.0, "cost_usd": 0.0, "swap_usd": 0.0, "paper_equity_bt_equiv": 100000.0}
{"ts": "2026-05-07T04:07:53.329169+00:00", "strategy": "vt", "equity": 100000.0, "cost_pips": 0.0, "cost_usd": 0.0, "swap_usd": 0.0, "paper_equity_bt_equiv": 100000.0}
{"ts": "2026-05-07T04:07:54.361784+00:00", "strategy": "vt", "equity": 100000.0, "cost_pips": 0.0, "cost_usd": 0.0, "swap_usd": 0.0, "paper_equity_bt_equiv": 100000.0}
{"ts": "2026-05-07T04:07:55.395961+00:00", "strategy": "vt", "equity": 100000.0, "cost_pips": 0.0, "cost_usd": 0.0, "swap_usd": 0.0, "paper_equity_bt_equiv": 100000.0}
{"ts": "2026-05-07T04:12:03.407468+00:00", "strategy": "vt", "equity": 1000000.0, "cost_pips": 0.75, "cost_usd": 60.1728, "swap_usd": 0.0, "paper_equity_bt_equiv": 999939.8272}
{"ts": "2026-05-07T04:12:25.171220+00:00", "strategy": "vt", "equity": 100000.0, "cost_pips": 0.0, "cost_usd": 0.0, "swap_usd": 0.0, "paper_equity_bt_equiv": 100000.0}
{"ts": "2026-05-07T04:12:26.192614+00:00", "strategy": "vt", "equity": 100000.0, "cost_pips": 0.0, "cost_usd": 0.0, "swap_usd": 0.0, "paper_equity_bt_equiv": 100000.0}
{"ts": "2026-05-07T04:12:27.213258+00:00", "strategy": "vt", "equity": 100000.0, "cost_pips": 0.0, "cost_usd": 0.0, "swap_usd": 0.0, "paper_equity_bt_equiv": 100000.0}
{"ts": "2026-05-07T04:12:28.263358+00:00", "strategy": "vt", "equity": 100000.0, "cost_pips": 0.0, "cost_usd": 0.0, "swap_usd": 0.0, "paper_equity_bt_equiv": 100000.0}
{"ts": "2026-05-07T04:12:29.288800+00:00", "strategy": "vt", "equity": 100000.0, "cost_pips": 0.0, "cost_usd": 0.0, "swap_usd": 0.0, "paper_equity_bt_equiv": 100000.0}
{"ts": "2026-05-07T04:12:30.307501+00:00", "strategy": "vt", "equity": 100000.0, "cost_pips": 0.0, "cost_usd": 0.0, "swap_usd": 0.0, "paper_equity_bt_equiv": 100000.0}
{"ts": "2026-05-07T04:13:19.570605+00:00", "strategy": "vt", "equity": 1000000.0, "cost_pips": 0.75, "cost_usd": 60.1728, "swap_usd": 0.0, "paper_equity_bt_equiv": 999939.8272}
{"ts": "2026-05-07T04:13:41.480086+00:00", "strategy": "vt", "equity": 100000.0, "cost_pips": 0.0, "cost_usd": 0.0, "swap_usd": 0.0, "paper_equity_bt_equiv": 100000.0}
{"ts": "2026-05-07T04:13:42.502099+00:00", "strategy": "vt", "equity": 100000.0, "cost_pips": 0.0, "cost_usd": 0.0, "swap_usd": 0.0, "paper_equity_bt_equiv": 100000.0}
{"ts": "2026-05-07T04:13:43.523089+00:00", "strategy": "vt", "equity": 100000.0, "cost_pips": 0.0, "cost_usd": 0.0, "swap_usd": 0.0, "paper_equity_bt_equiv": 100000.0}
{"ts": "2026-05-07T04:13:44.574453+00:00", "strategy": "vt", "equity": 100000.0, "cost_pips": 0.0, "cost_usd": 0.0, "swap_usd": 0.0, "paper_equity_bt_equiv": 100000.0}
{"ts": "2026-05-07T04:13:45.598279+00:00", "strategy": "vt", "equity": 100000.0, "cost_pips": 0.0, "cost_usd": 0.0, "swap_usd": 0.0, "paper_equity_bt_equiv": 100000.0}
{"ts": "2026-05-07T04:13:46.622823+00:00", "strategy": "vt", "equity": 100000.0, "cost_pips": 0.0, "cost_usd": 0.0, "swap_usd": 0.0, "paper_equity_bt_equiv": 100000.0}
{"ts": "2026-06-03T02:39:12.243051+00:00", "strategy": "vt", "equity": 1000000.0, "cost_pips": 0.75, "cost_usd": 60.1728, "swap_usd": 0.0, "modeled_equity": null, "residual": null}
{"ts": "2026-06-03T02:41:45.209089+00:00", "strategy": "vt", "equity": 1000000.0, "cost_pips": 0.75, "cost_usd": 60.1728, "swap_usd": 0.0, "modeled_equity": null, "residual": null}
{"ts": "2026-06-03T02:47:59.725169+00:00", "strategy": "vt", "equity": 100000.0, "cost_pips": 0.75, "cost_usd": 0.075, "swap_usd": 0.0, "modeled_equity": null, "residual": null}
{"ts": "2026-06-03T02:48:01.740486+00:00", "strategy": "vt", "equity": 100000.0, "cost_pips": 0.75, "cost_usd": 0.05, "swap_usd": 0.0, "modeled_equity": null, "residual": null}
{"ts": "2026-06-03T02:48:04.066537+00:00", "strategy": "vt", "equity": 100000.0, "cost_pips": 0.0, "cost_usd": 0.0, "swap_usd": 0.0, "modeled_equity": null, "residual": null}
{"ts": "2026-06-03T02:48:05.406303+00:00", "strategy": "vt", "equity": 100000.0, "cost_pips": 0.0, "cost_usd": 0.0, "swap_usd": 0.0, "modeled_equity": null, "residual": null}
{"ts": "2026-06-03T02:48:06.738365+00:00", "strategy": "carry_fred", "equity": 100000.0, "regime_active": true, "cost_pips": 0.0, "cost_usd": 0.0, "swap_usd": 0.0, "modeled_equity": null, "residual": null}
{"ts": "2026-06-03T02:48:08.080934+00:00", "strategy": "carry_fred", "equity": 100000.0, "regime_active": true, "cost_pips": 0.0, "cost_usd": 0.0, "swap_usd": 0.0, "modeled_equity": null, "residual": null}
{"ts": "2026-06-03T02:48:10.430634+00:00", "strategy": "vt", "equity": 100000.0, "cost_pips": 0.0, "cost_usd": 0.0, "swap_usd": 0.0, "modeled_equity": null, "residual": null}
{"ts": "2026-06-03T02:48:12.782153+00:00", "strategy": "carry_fred", "equity": 100000.0, "regime_active": true, "cost_pips": 0.0, "cost_usd": 0.0, "swap_usd": 0.0, "modeled_equity": null, "residual": null}
{"ts": "2026-06-03T02:48:14.436891+00:00", "strategy": "vt", "equity": 100000.0, "cost_pips": 0.0, "cost_usd": 0.0, "swap_usd": 0.0, "modeled_equity": null, "residual": null}
{"ts": "2026-06-03T02:48:16.066133+00:00", "strategy": "carry_fred", "equity": 100000.0, "regime_active": true, "cost_pips": 0.0, "cost_usd": 0.0, "swap_usd": 0.0, "modeled_equity": null, "residual": null}
{"ts": "2026-06-03T02:48:29.824780+00:00", "strategy": "vt", "equity": 100000.0, "cost_pips": 0.0, "cost_usd": 0.0, "swap_usd": 0.0, "modeled_equity": null, "residual": null}
{"ts": "2026-06-03T02:48:30.841588+00:00", "strategy": "vt", "equity": 100000.0, "cost_pips": 0.0, "cost_usd": 0.0, "swap_usd": 0.0, "modeled_equity": null, "residual": null}
{"ts": "2026-06-03T02:48:31.864206+00:00", "strategy": "vt", "equity": 100000.0, "cost_pips": 0.0, "cost_usd": 0.0, "swap_usd": 0.0, "modeled_equity": null, "residual": null}
{"ts": "2026-06-03T02:48:32.915795+00:00", "strategy": "vt", "equity": 100000.0, "cost_pips": 0.0, "cost_usd": 0.0, "swap_usd": 0.0, "modeled_equity": null, "residual": null}
{"ts": "2026-06-03T02:48:33.942189+00:00", "strategy": "vt", "equity": 100000.0, "cost_pips": 0.0, "cost_usd": 0.0, "swap_usd": 0.0, "modeled_equity": null, "residual": null}
{"ts": "2026-06-03T02:48:34.963857+00:00", "strategy": "vt", "equity": 100000.0, "cost_pips": 0.0, "cost_usd": 0.0, "swap_usd": 0.0, "modeled_equity": null, "residual": null}
{"ts": "2026-06-03T02:50:32.623984+00:00", "strategy": "vt", "equity": 100000.0, "cost_pips": 0.75, "cost_usd": 0.075, "swap_usd": 0.0, "modeled_equity": null, "residual": null}
{"ts": "2026-06-03T02:50:34.641903+00:00", "strategy": "vt", "equity": 100000.0, "cost_pips": 0.75, "cost_usd": 0.05, "swap_usd": 0.0, "modeled_equity": null, "residual": null}
{"ts": "2026-06-03T02:50:36.976820+00:00", "strategy": "vt", "equity": 100000.0, "cost_pips": 0.0, "cost_usd": 0.0, "swap_usd": 0.0, "modeled_equity": null, "residual": null}
{"ts": "2026-06-03T02:50:38.328887+00:00", "strategy": "vt", "equity": 100000.0, "cost_pips": 0.0, "cost_usd": 0.0, "swap_usd": 0.0, "modeled_equity": null, "residual": null}
{"ts": "2026-06-03T02:50:39.684047+00:00", "strategy": "carry_fred", "equity": 100000.0, "regime_active": true, "cost_pips": 0.0, "cost_usd": 0.0, "swap_usd": 0.0, "modeled_equity": null, "residual": null}
{"ts": "2026-06-03T02:50:41.009686+00:00", "strategy": "carry_fred", "equity": 100000.0, "regime_active": true, "cost_pips": 0.0, "cost_usd": 0.0, "swap_usd": 0.0, "modeled_equity": null, "residual": null}
{"ts": "2026-06-03T02:50:43.376581+00:00", "strategy": "vt", "equity": 100000.0, "cost_pips": 0.0, "cost_usd": 0.0, "swap_usd": 0.0, "modeled_equity": null, "residual": null}
{"ts": "2026-06-03T02:50:45.719000+00:00", "strategy": "carry_fred", "equity": 100000.0, "regime_active": true, "cost_pips": 0.0, "cost_usd": 0.0, "swap_usd": 0.0, "modeled_equity": null, "residual": null}
{"ts": "2026-06-03T02:50:47.361083+00:00", "strategy": "vt", "equity": 100000.0, "cost_pips": 0.0, "cost_usd": 0.0, "swap_usd": 0.0, "modeled_equity": null, "residual": null}
{"ts": "2026-06-03T02:50:48.993841+00:00", "strategy": "carry_fred", "equity": 100000.0, "regime_active": true, "cost_pips": 0.0, "cost_usd": 0.0, "swap_usd": 0.0, "modeled_equity": null, "residual": null}
{"ts": "2026-06-03T02:51:00.442109+00:00", "strategy": "vt", "equity": 1000000.0, "cost_pips": 0.75, "cost_usd": 60.1728, "swap_usd": 0.0, "modeled_equity": null, "residual": null}
{"ts": "2026-06-03T02:51:02.724220+00:00", "strategy": "vt", "equity": 100000.0, "cost_pips": 0.0, "cost_usd": 0.0, "swap_usd": 0.0, "modeled_equity": null, "residual": null}
{"ts": "2026-06-03T02:51:03.743937+00:00", "strategy": "vt", "equity": 100000.0, "cost_pips": 0.0, "cost_usd": 0.0, "swap_usd": 0.0, "modeled_equity": null, "residual": null}
{"ts": "2026-06-03T02:51:04.765236+00:00", "strategy": "vt", "equity": 100000.0, "cost_pips": 0.0, "cost_usd": 0.0, "swap_usd": 0.0, "modeled_equity": null, "residual": null}
{"ts": "2026-06-03T02:51:05.796622+00:00", "strategy": "vt", "equity": 100000.0, "cost_pips": 0.0, "cost_usd": 0.0, "swap_usd": 0.0, "modeled_equity": null, "residual": null}
{"ts": "2026-06-03T02:51:06.816496+00:00", "strategy": "vt", "equity": 100000.0, "cost_pips": 0.0, "cost_usd": 0.0, "swap_usd": 0.0, "modeled_equity": null, "residual": null}
{"ts": "2026-06-03T02:51:07.832791+00:00", "strategy": "vt", "equity": 100000.0, "cost_pips": 0.0, "cost_usd": 0.0, "swap_usd": 0.0, "modeled_equity": null, "residual": null}
{"ts": "2026-06-03T02:53:11.553763+00:00", "strategy": "vt", "equity": 1000000.0, "cost_pips": 0.75, "cost_usd": 60.1728, "swap_usd": 0.0, "modeled_equity": null, "residual": null}
{"ts": "2026-06-03T02:56:15.917280+00:00", "strategy": "vt", "equity": 1000000.0, "cost_pips": 0.75, "cost_usd": 60.1728, "swap_usd": 0.0, "modeled_equity": null, "residual": null}
{"ts": "2026-06-03T03:14:37.681084+00:00", "strategy": "vt", "equity": 1000000.0, "cost_pips": 0.75, "cost_usd": 60.1728, "swap_usd": 0.0, "modeled_equity": null, "residual": null}
{"ts": "2026-06-03T03:27:28.878517+00:00", "strategy": "vt", "equity": 100000.0, "cost_pips": 0.75, "cost_usd": 0.075, "swap_usd": 0.0, "modeled_equity": null, "residual": null}
{"ts": "2026-06-03T23:17:40.628410+00:00", "strategy": "vt", "equity": 1000000.0, "cost_pips": 0.75, "cost_usd": 60.1728, "swap_usd": 0.0, "modeled_equity": null, "residual": null}
{"ts": "2026-06-03T23:20:46.911479+00:00", "strategy": "vt", "equity": 1000000.0, "cost_pips": 0.75, "cost_usd": 60.1728, "swap_usd": 0.0, "modeled_equity": null, "residual": null}
{"ts": "2026-06-03T23:38:20.110687+00:00", "strategy": "vt", "equity": 1000000.0, "cost_pips": 0.75, "cost_usd": 60.1728, "swap_usd": 0.0, "modeled_equity": null, "residual": null}
{"ts": "2026-06-04T00:35:23.350538+00:00", "strategy": "vt", "equity": 100000.0, "cost_pips": 0.75, "cost_usd": 0.075, "swap_usd": 0.0, "modeled_equity": null, "residual": null}
{"ts": "2026-06-04T00:35:25.372934+00:00", "strategy": "vt", "equity": 100000.0, "cost_pips": 0.75, "cost_usd": 0.05, "swap_usd": 0.0, "modeled_equity": null, "residual": null}
{"ts": "2026-06-04T00:50:35.647910+00:00", "strategy": "vt", "equity": 100000.0, "cost_pips": 0.0, "cost_usd": 0.0, "swap_usd": 0.0, "modeled_equity": null, "residual": null}
{"ts": "2026-06-04T00:50:37.005495+00:00", "strategy": "vt", "equity": 100000.0, "cost_pips": 0.0, "cost_usd": 0.0, "swap_usd": 0.0, "modeled_equity": null, "residual": null}
{"ts": "2026-06-04T00:50:38.341390+00:00", "strategy": "carry_fred", "equity": 100000.0, "regime_active": true, "cost_pips": 0.0, "cost_usd": 0.0, "swap_usd": 0.0, "modeled_equity": null, "residual": null}
{"ts": "2026-06-04T00:50:39.683268+00:00", "strategy": "carry_fred", "equity": 100000.0, "regime_active": true, "cost_pips": 0.0, "cost_usd": 0.0, "swap_usd": 0.0, "modeled_equity": null, "residual": null}
{"ts": "2026-06-04T00:50:42.033904+00:00", "strategy": "vt", "equity": 100000.0, "cost_pips": 0.0, "cost_usd": 0.0, "swap_usd": 0.0, "modeled_equity": null, "residual": null}
{"ts": "2026-06-04T00:50:44.372934+00:00", "strategy": "carry_fred", "equity": 100000.0, "regime_active": true, "cost_pips": 0.0, "cost_usd": 0.0, "swap_usd": 0.0, "modeled_equity": null, "residual": null}
{"ts": "2026-06-04T00:50:45.990430+00:00", "strategy": "vt", "equity": 100000.0, "cost_pips": 0.0, "cost_usd": 0.0, "swap_usd": 0.0, "modeled_equity": null, "residual": null}
{"ts": "2026-06-04T00:50:47.599302+00:00", "strategy": "carry_fred", "equity": 100000.0, "regime_active": true, "cost_pips": 0.0, "cost_usd": 0.0, "swap_usd": 0.0, "modeled_equity": null, "residual": null}
{"ts": "2026-06-04T00:51:01.386153+00:00", "strategy": "vt", "equity": 100000.0, "cost_pips": 0.0, "cost_usd": 0.0, "swap_usd": 0.0, "modeled_equity": null, "residual": null}
{"ts": "2026-06-04T00:51:02.412867+00:00", "strategy": "vt", "equity": 100000.0, "cost_pips": 0.0, "cost_usd": 0.0, "swap_usd": 0.0, "modeled_equity": null, "residual": null}
{"ts": "2026-06-04T00:51:03.437286+00:00", "strategy": "vt", "equity": 100000.0, "cost_pips": 0.0, "cost_usd": 0.0, "swap_usd": 0.0, "modeled_equity": null, "residual": null}
{"ts": "2026-06-04T00:51:04.482732+00:00", "strategy": "vt", "equity": 100000.0, "cost_pips": 0.0, "cost_usd": 0.0, "swap_usd": 0.0, "modeled_equity": null, "residual": null}
{"ts": "2026-06-04T00:51:05.519151+00:00", "strategy": "vt", "equity": 100000.0, "cost_pips": 0.0, "cost_usd": 0.0, "swap_usd": 0.0, "modeled_equity": null, "residual": null}
{"ts": "2026-06-04T00:51:06.544721+00:00", "strategy": "vt", "equity": 100000.0, "cost_pips": 0.0, "cost_usd": 0.0, "swap_usd": 0.0, "modeled_equity": null, "residual": null}
{"ts": "2026-06-04T01:50:50.948408+00:00", "strategy": "vt", "equity": 100000.0, "cost_pips": 0.75, "cost_usd": 0.075, "swap_usd": 0.0, "modeled_equity": null, "residual": null}
{"ts": "2026-06-04T01:50:52.966543+00:00", "strategy": "vt", "equity": 100000.0, "cost_pips": 0.75, "cost_usd": 0.05, "swap_usd": 0.0, "modeled_equity": null, "residual": null}
{"ts": "2026-06-04T01:50:55.284065+00:00", "strategy": "vt", "equity": 100000.0, "cost_pips": 0.0, "cost_usd": 0.0, "swap_usd": 0.0, "modeled_equity": null, "residual": null}
{"ts": "2026-06-04T01:50:56.636382+00:00", "strategy": "vt", "equity": 100000.0, "cost_pips": 0.0, "cost_usd": 0.0, "swap_usd": 0.0, "modeled_equity": null, "residual": null}
{"ts": "2026-06-04T01:50:57.963113+00:00", "strategy": "carry_fred", "equity": 100000.0, "regime_active": true, "cost_pips": 0.0, "cost_usd": 0.0, "swap_usd": 0.0, "modeled_equity": null, "residual": null}
{"ts": "2026-06-04T01:50:59.293740+00:00", "strategy": "carry_fred", "equity": 100000.0, "regime_active": true, "cost_pips": 0.0, "cost_usd": 0.0, "swap_usd": 0.0, "modeled_equity": null, "residual": null}
{"ts": "2026-06-04T01:51:01.666928+00:00", "strategy": "vt", "equity": 100000.0, "cost_pips": 0.0, "cost_usd": 0.0, "swap_usd": 0.0, "modeled_equity": null, "residual": null}
{"ts": "2026-06-04T01:51:04.043116+00:00", "strategy": "carry_fred", "equity": 100000.0, "regime_active": true, "cost_pips": 0.0, "cost_usd": 0.0, "swap_usd": 0.0, "modeled_equity": null, "residual": null}
{"ts": "2026-06-04T01:51:05.670164+00:00", "strategy": "vt", "equity": 100000.0, "cost_pips": 0.0, "cost_usd": 0.0, "swap_usd": 0.0, "modeled_equity": null, "residual": null}
{"ts": "2026-06-04T01:51:07.300002+00:00", "strategy": "carry_fred", "equity": 100000.0, "regime_active": true, "cost_pips": 0.0, "cost_usd": 0.0, "swap_usd": 0.0, "modeled_equity": null, "residual": null}
{"ts": "2026-06-04T01:51:21.078730+00:00", "strategy": "vt", "equity": 100000.0, "cost_pips": 0.0, "cost_usd": 0.0, "swap_usd": 0.0, "modeled_equity": null, "residual": null}
{"ts": "2026-06-04T01:51:22.101511+00:00", "strategy": "vt", "equity": 100000.0, "cost_pips": 0.0, "cost_usd": 0.0, "swap_usd": 0.0, "modeled_equity": null, "residual": null}
{"ts": "2026-06-04T01:51:23.124105+00:00", "strategy": "vt", "equity": 100000.0, "cost_pips": 0.0, "cost_usd": 0.0, "swap_usd": 0.0, "modeled_equity": null, "residual": null}
{"ts": "2026-06-04T01:51:24.168560+00:00", "strategy": "vt", "equity": 100000.0, "cost_pips": 0.0, "cost_usd": 0.0, "swap_usd": 0.0, "modeled_equity": null, "residual": null}
{"ts": "2026-06-04T01:51:25.204551+00:00", "strategy": "vt", "equity": 100000.0, "cost_pips": 0.0, "cost_usd": 0.0, "swap_usd": 0.0, "modeled_equity": null, "residual": null}
{"ts": "2026-06-04T01:51:26.229625+00:00", "strategy": "vt", "equity": 100000.0, "cost_pips": 0.0, "cost_usd": 0.0, "swap_usd": 0.0, "modeled_equity": null, "residual": null}
{"ts": "2026-06-04T02:01:27.303050+00:00", "strategy": "vt", "equity": 100000.0, "cost_pips": 0.75, "cost_usd": 0.075, "swap_usd": 0.0, "modeled_equity": null, "residual": null}
{"ts": "2026-06-04T02:01:29.319999+00:00", "strategy": "vt", "equity": 100000.0, "cost_pips": 0.75, "cost_usd": 0.05, "swap_usd": 0.0, "modeled_equity": null, "residual": null}
{"ts": "2026-06-04T02:01:31.748825+00:00", "strategy": "vt", "equity": 100000.0, "cost_pips": 0.0, "cost_usd": 0.0, "swap_usd": 0.0, "modeled_equity": null, "residual": null}
{"ts": "2026-06-04T02:01:33.105981+00:00", "strategy": "vt", "equity": 100000.0, "cost_pips": 0.0, "cost_usd": 0.0, "swap_usd": 0.0, "modeled_equity": null, "residual": null}
{"ts": "2026-06-04T02:01:34.434806+00:00", "strategy": "carry_fred", "equity": 100000.0, "regime_active": true, "cost_pips": 0.0, "cost_usd": 0.0, "swap_usd": 0.0, "modeled_equity": null, "residual": null}
{"ts": "2026-06-04T02:01:35.760297+00:00", "strategy": "carry_fred", "equity": 100000.0, "regime_active": true, "cost_pips": 0.0, "cost_usd": 0.0, "swap_usd": 0.0, "modeled_equity": null, "residual": null}
{"ts": "2026-06-04T02:01:38.100206+00:00", "strategy": "vt", "equity": 100000.0, "cost_pips": 0.0, "cost_usd": 0.0, "swap_usd": 0.0, "modeled_equity": null, "residual": null}
{"ts": "2026-06-04T02:01:40.449384+00:00", "strategy": "carry_fred", "equity": 100000.0, "regime_active": true, "cost_pips": 0.0, "cost_usd": 0.0, "swap_usd": 0.0, "modeled_equity": null, "residual": null}
{"ts": "2026-06-04T02:01:42.091982+00:00", "strategy": "vt", "equity": 100000.0, "cost_pips": 0.0, "cost_usd": 0.0, "swap_usd": 0.0, "modeled_equity": null, "residual": null}
{"ts": "2026-06-04T02:01:43.719037+00:00", "strategy": "carry_fred", "equity": 100000.0, "regime_active": true, "cost_pips": 0.0, "cost_usd": 0.0, "swap_usd": 0.0, "modeled_equity": null, "residual": null}
{"ts": "2026-06-04T02:01:57.471090+00:00", "strategy": "vt", "equity": 100000.0, "cost_pips": 0.0, "cost_usd": 0.0, "swap_usd": 0.0, "modeled_equity": null, "residual": null}
{"ts": "2026-06-04T02:01:58.492453+00:00", "strategy": "vt", "equity": 100000.0, "cost_pips": 0.0, "cost_usd": 0.0, "swap_usd": 0.0, "modeled_equity": null, "residual": null}
{"ts": "2026-06-04T02:01:59.515275+00:00", "strategy": "vt", "equity": 100000.0, "cost_pips": 0.0, "cost_usd": 0.0, "swap_usd": 0.0, "modeled_equity": null, "residual": null}
{"ts": "2026-06-04T02:02:00.560125+00:00", "strategy": "vt", "equity": 100000.0, "cost_pips": 0.0, "cost_usd": 0.0, "swap_usd": 0.0, "modeled_equity": null, "residual": null}
{"ts": "2026-06-04T02:02:01.578226+00:00", "strategy": "vt", "equity": 100000.0, "cost_pips": 0.0, "cost_usd": 0.0, "swap_usd": 0.0, "modeled_equity": null, "residual": null}
{"ts": "2026-06-04T02:02:02.600219+00:00", "strategy": "vt", "equity": 100000.0, "cost_pips": 0.0, "cost_usd": 0.0, "swap_usd": 0.0, "modeled_equity": null, "residual": null}
{"ts": "2026-06-04T03:31:56.667684+00:00", "strategy": "vt", "equity": 1000000.0, "cost_pips": 0.75, "cost_usd": 60.1728, "swap_usd": 0.0, "modeled_equity": null, "residual": null}
{"ts": "2026-06-04T03:36:48.507881+00:00", "strategy": "vt", "equity": 1000000.0, "cost_pips": 0.75, "cost_usd": 60.1728, "swap_usd": 0.0, "modeled_equity": null, "residual": null}
{"ts": "2026-06-04T03:41:13.964049+00:00", "strategy": "vt", "equity": 100000.0, "cost_pips": 0.75, "cost_usd": 0.075, "swap_usd": 0.0, "modeled_equity": null, "residual": null}
{"ts": "2026-06-04T03:41:15.982369+00:00", "strategy": "vt", "equity": 100000.0, "cost_pips": 0.75, "cost_usd": 0.05, "swap_usd": 0.0, "modeled_equity": null, "residual": null}
{"ts": "2026-06-04T03:41:18.287050+00:00", "strategy": "vt", "equity": 100000.0, "cost_pips": 0.0, "cost_usd": 0.0, "swap_usd": 0.0, "modeled_equity": null, "residual": null}
{"ts": "2026-06-04T03:41:19.618970+00:00", "strategy": "vt", "equity": 100000.0, "cost_pips": 0.0, "cost_usd": 0.0, "swap_usd": 0.0, "modeled_equity": null, "residual": null}
{"ts": "2026-06-04T03:41:20.944594+00:00", "strategy": "carry_fred", "equity": 100000.0, "regime_active": true, "cost_pips": 0.0, "cost_usd": 0.0, "swap_usd": 0.0, "modeled_equity": null, "residual": null}
{"ts": "2026-06-04T03:41:22.275263+00:00", "strategy": "carry_fred", "equity": 100000.0, "regime_active": true, "cost_pips": 0.0, "cost_usd": 0.0, "swap_usd": 0.0, "modeled_equity": null, "residual": null}
{"ts": "2026-06-04T03:41:24.625073+00:00", "strategy": "vt", "equity": 100000.0, "cost_pips": 0.0, "cost_usd": 0.0, "swap_usd": 0.0, "modeled_equity": null, "residual": null}
{"ts": "2026-06-04T03:41:26.962950+00:00", "strategy": "carry_fred", "equity": 100000.0, "regime_active": true, "cost_pips": 0.0, "cost_usd": 0.0, "swap_usd": 0.0, "modeled_equity": null, "residual": null}
{"ts": "2026-06-04T03:41:28.589521+00:00", "strategy": "vt", "equity": 100000.0, "cost_pips": 0.0, "cost_usd": 0.0, "swap_usd": 0.0, "modeled_equity": null, "residual": null}
{"ts": "2026-06-04T03:41:30.201442+00:00", "strategy": "carry_fred", "equity": 100000.0, "regime_active": true, "cost_pips": 0.0, "cost_usd": 0.0, "swap_usd": 0.0, "modeled_equity": null, "residual": null}
{"ts": "2026-06-04T03:41:43.957250+00:00", "strategy": "vt", "equity": 100000.0, "cost_pips": 0.0, "cost_usd": 0.0, "swap_usd": 0.0, "modeled_equity": null, "residual": null}
{"ts": "2026-06-04T03:41:44.976637+00:00", "strategy": "vt", "equity": 100000.0, "cost_pips": 0.0, "cost_usd": 0.0, "swap_usd": 0.0, "modeled_equity": null, "residual": null}
{"ts": "2026-06-04T03:41:45.998647+00:00", "strategy": "vt", "equity": 100000.0, "cost_pips": 0.0, "cost_usd": 0.0, "swap_usd": 0.0, "modeled_equity": null, "residual": null}
{"ts": "2026-06-04T03:41:47.041116+00:00", "strategy": "vt", "equity": 100000.0, "cost_pips": 0.0, "cost_usd": 0.0, "swap_usd": 0.0, "modeled_equity": null, "residual": null}
{"ts": "2026-06-04T03:41:48.064528+00:00", "strategy": "vt", "equity": 100000.0, "cost_pips": 0.0, "cost_usd": 0.0, "swap_usd": 0.0, "modeled_equity": null, "residual": null}
{"ts": "2026-06-04T03:41:49.086963+00:00", "strategy": "vt", "equity": 100000.0, "cost_pips": 0.0, "cost_usd": 0.0, "swap_usd": 0.0, "modeled_equity": null, "residual": null}
{"ts": "2026-06-04T03:42:01.218297+00:00", "strategy": "vt", "equity": 1000000.0, "cost_pips": 0.75, "cost_usd": 60.1728, "swap_usd": 0.0, "modeled_equity": null, "residual": null}
{"ts": "2026-06-04T03:45:41.839156+00:00", "strategy": "vt", "equity": 100000.0, "cost_pips": 0.75, "cost_usd": 0.075, "swap_usd": 0.0, "modeled_equity": null, "residual": null}
{"ts": "2026-06-04T03:45:43.853594+00:00", "strategy": "vt", "equity": 100000.0, "cost_pips": 0.75, "cost_usd": 0.05, "swap_usd": 0.0, "modeled_equity": null, "residual": null}
{"ts": "2026-06-04T03:45:46.181047+00:00", "strategy": "vt", "equity": 100000.0, "cost_pips": 0.0, "cost_usd": 0.0, "swap_usd": 0.0, "modeled_equity": null, "residual": null}
{"ts": "2026-06-04T03:45:47.507804+00:00", "strategy": "vt", "equity": 100000.0, "cost_pips": 0.0, "cost_usd": 0.0, "swap_usd": 0.0, "modeled_equity": null, "residual": null}
{"ts": "2026-06-04T03:45:48.834917+00:00", "strategy": "carry_fred", "equity": 100000.0, "regime_active": true, "cost_pips": 0.0, "cost_usd": 0.0, "swap_usd": 0.0, "modeled_equity": null, "residual": null}
{"ts": "2026-06-04T03:45:50.158267+00:00", "strategy": "carry_fred", "equity": 100000.0, "regime_active": true, "cost_pips": 0.0, "cost_usd": 0.0, "swap_usd": 0.0, "modeled_equity": null, "residual": null}
{"ts": "2026-06-04T03:45:52.506593+00:00", "strategy": "vt", "equity": 100000.0, "cost_pips": 0.0, "cost_usd": 0.0, "swap_usd": 0.0, "modeled_equity": null, "residual": null}
{"ts": "2026-06-04T03:45:54.850614+00:00", "strategy": "carry_fred", "equity": 100000.0, "regime_active": true, "cost_pips": 0.0, "cost_usd": 0.0, "swap_usd": 0.0, "modeled_equity": null, "residual": null}
{"ts": "2026-06-04T03:45:56.454748+00:00", "strategy": "vt", "equity": 100000.0, "cost_pips": 0.0, "cost_usd": 0.0, "swap_usd": 0.0, "modeled_equity": null, "residual": null}
{"ts": "2026-06-04T03:45:58.071437+00:00", "strategy": "carry_fred", "equity": 100000.0, "regime_active": true, "cost_pips": 0.0, "cost_usd": 0.0, "swap_usd": 0.0, "modeled_equity": null, "residual": null}
{"ts": "2026-06-04T03:46:11.822336+00:00", "strategy": "vt", "equity": 100000.0, "cost_pips": 0.0, "cost_usd": 0.0, "swap_usd": 0.0, "modeled_equity": null, "residual": null}
{"ts": "2026-06-04T03:46:12.841908+00:00", "strategy": "vt", "equity": 100000.0, "cost_pips": 0.0, "cost_usd": 0.0, "swap_usd": 0.0, "modeled_equity": null, "residual": null}
{"ts": "2026-06-04T03:46:13.862738+00:00", "strategy": "vt", "equity": 100000.0, "cost_pips": 0.0, "cost_usd": 0.0, "swap_usd": 0.0, "modeled_equity": null, "residual": null}
{"ts": "2026-06-04T03:46:14.902234+00:00", "strategy": "vt", "equity": 100000.0, "cost_pips": 0.0, "cost_usd": 0.0, "swap_usd": 0.0, "modeled_equity": null, "residual": null}
{"ts": "2026-06-04T03:46:15.925062+00:00", "strategy": "vt", "equity": 100000.0, "cost_pips": 0.0, "cost_usd": 0.0, "swap_usd": 0.0, "modeled_equity": null, "residual": null}
{"ts": "2026-06-04T03:46:16.944584+00:00", "strategy": "vt", "equity": 100000.0, "cost_pips": 0.0, "cost_usd": 0.0, "swap_usd": 0.0, "modeled_equity": null, "residual": null}
{"ts": "2026-06-04T03:54:24.927144+00:00", "strategy": "vt", "equity": 1000000.0, "cost_pips": 0.75, "cost_usd": 60.1728, "swap_usd": 0.0, "modeled_equity": null, "residual": null}
{"ts": "2026-06-04T05:09:16.002393+00:00", "strategy": "vt", "equity": 1000000.0, "cost_pips": 0.75, "cost_usd": 60.1728, "swap_usd": 0.0, "modeled_equity": null, "residual": null}
{"ts": "2026-06-04T05:14:31.229247+00:00", "strategy": "vt", "equity": 1000000.0, "cost_pips": 0.75, "cost_usd": 60.1728, "swap_usd": 0.0, "modeled_equity": null, "residual": null}
{"ts": "2026-06-04T05:18:03.190218+00:00", "strategy": "vt", "equity": 100000.0, "cost_pips": 0.75, "cost_usd": 0.075, "swap_usd": 0.0, "modeled_equity": null, "residual": null}
{"ts": "2026-06-04T05:18:05.206258+00:00", "strategy": "vt", "equity": 100000.0, "cost_pips": 0.75, "cost_usd": 0.05, "swap_usd": 0.0, "modeled_equity": null, "residual": null}
{"ts": "2026-06-04T05:18:07.525368+00:00", "strategy": "vt", "equity": 100000.0, "cost_pips": 0.0, "cost_usd": 0.0, "swap_usd": 0.0, "modeled_equity": null, "residual": null}
{"ts": "2026-06-04T05:18:08.854690+00:00", "strategy": "vt", "equity": 100000.0, "cost_pips": 0.0, "cost_usd": 0.0, "swap_usd": 0.0, "modeled_equity": null, "residual": null}
{"ts": "2026-06-04T05:18:10.195616+00:00", "strategy": "carry_fred", "equity": 100000.0, "regime_active": true, "cost_pips": 0.0, "cost_usd": 0.0, "swap_usd": 0.0, "modeled_equity": null, "residual": null}
{"ts": "2026-06-04T05:18:11.518167+00:00", "strategy": "carry_fred", "equity": 100000.0, "regime_active": true, "cost_pips": 0.0, "cost_usd": 0.0, "swap_usd": 0.0, "modeled_equity": null, "residual": null}
{"ts": "2026-06-04T05:18:13.856318+00:00", "strategy": "vt", "equity": 100000.0, "cost_pips": 0.0, "cost_usd": 0.0, "swap_usd": 0.0, "modeled_equity": null, "residual": null}
{"ts": "2026-06-04T05:18:16.196341+00:00", "strategy": "carry_fred", "equity": 100000.0, "regime_active": true, "cost_pips": 0.0, "cost_usd": 0.0, "swap_usd": 0.0, "modeled_equity": null, "residual": null}
{"ts": "2026-06-04T05:18:17.816576+00:00", "strategy": "vt", "equity": 100000.0, "cost_pips": 0.0, "cost_usd": 0.0, "swap_usd": 0.0, "modeled_equity": null, "residual": null}
{"ts": "2026-06-04T05:18:19.433759+00:00", "strategy": "carry_fred", "equity": 100000.0, "regime_active": true, "cost_pips": 0.0, "cost_usd": 0.0, "swap_usd": 0.0, "modeled_equity": null, "residual": null}
{"ts": "2026-06-04T05:18:33.158013+00:00", "strategy": "vt", "equity": 100000.0, "cost_pips": 0.0, "cost_usd": 0.0, "swap_usd": 0.0, "modeled_equity": null, "residual": null}
{"ts": "2026-06-04T05:18:34.173645+00:00", "strategy": "vt", "equity": 100000.0, "cost_pips": 0.0, "cost_usd": 0.0, "swap_usd": 0.0, "modeled_equity": null, "residual": null}
{"ts": "2026-06-04T05:18:35.189080+00:00", "strategy": "vt", "equity": 100000.0, "cost_pips": 0.0, "cost_usd": 0.0, "swap_usd": 0.0, "modeled_equity": null, "residual": null}
{"ts": "2026-06-04T05:18:36.229763+00:00", "strategy": "vt", "equity": 100000.0, "cost_pips": 0.0, "cost_usd": 0.0, "swap_usd": 0.0, "modeled_equity": null, "residual": null}
{"ts": "2026-06-04T05:18:37.256587+00:00", "strategy": "vt", "equity": 100000.0, "cost_pips": 0.0, "cost_usd": 0.0, "swap_usd": 0.0, "modeled_equity": null, "residual": null}
{"ts": "2026-06-04T05:18:38.281261+00:00", "strategy": "vt", "equity": 100000.0, "cost_pips": 0.0, "cost_usd": 0.0, "swap_usd": 0.0, "modeled_equity": null, "residual": null}
{"ts": "2026-06-05T21:09:53.981950+00:00", "strategy": "vt", "equity": 1000000.0, "cost_pips": 0.75, "cost_usd": 60.1728, "swap_usd": 0.0, "modeled_equity": null, "residual": null}
{"ts": "2026-06-05T21:14:48.558498+00:00", "strategy": "vt", "equity": 1000000.0, "cost_pips": 0.75, "cost_usd": 60.1728, "swap_usd": 0.0, "modeled_equity": null, "residual": null}
{"ts": "2026-06-05T21:18:46.800082+00:00", "strategy": "vt", "equity": 1000000.0, "cost_pips": 0.75, "cost_usd": 60.1728, "swap_usd": 0.0, "modeled_equity": null, "residual": null}
{"ts": "2026-06-05T21:18:53.418937+00:00", "strategy": "vt", "equity": 100000.0, "cost_pips": 0.75, "cost_usd": 0.075, "swap_usd": 0.0, "modeled_equity": null, "residual": null}
{"ts": "2026-06-05T21:18:55.430158+00:00", "strategy": "vt", "equity": 100000.0, "cost_pips": 0.75, "cost_usd": 0.05, "swap_usd": 0.0, "modeled_equity": null, "residual": null}
{"ts": "2026-06-05T21:18:57.953897+00:00", "strategy": "vt", "equity": 100000.0, "cost_pips": 0.0, "cost_usd": 0.0, "swap_usd": 0.0, "modeled_equity": null, "residual": null}
{"ts": "2026-06-05T21:18:59.321520+00:00", "strategy": "vt", "equity": 100000.0, "cost_pips": 0.0, "cost_usd": 0.0, "swap_usd": 0.0, "modeled_equity": null, "residual": null}
{"ts": "2026-06-05T21:19:00.718251+00:00", "strategy": "carry_fred", "equity": 100000.0, "regime_active": true, "cost_pips": 0.0, "cost_usd": 0.0, "swap_usd": 0.0, "modeled_equity": null, "residual": null}
{"ts": "2026-06-05T21:19:02.086186+00:00", "strategy": "carry_fred", "equity": 100000.0, "regime_active": true, "cost_pips": 0.0, "cost_usd": 0.0, "swap_usd": 0.0, "modeled_equity": null, "residual": null}
{"ts": "2026-06-05T21:19:04.473115+00:00", "strategy": "vt", "equity": 100000.0, "cost_pips": 0.0, "cost_usd": 0.0, "swap_usd": 0.0, "modeled_equity": null, "residual": null}
{"ts": "2026-06-05T21:19:06.864422+00:00", "strategy": "carry_fred", "equity": 100000.0, "regime_active": true, "cost_pips": 0.0, "cost_usd": 0.0, "swap_usd": 0.0, "modeled_equity": null, "residual": null}
{"ts": "2026-06-05T21:19:08.569589+00:00", "strategy": "vt", "equity": 100000.0, "cost_pips": 0.0, "cost_usd": 0.0, "swap_usd": 0.0, "modeled_equity": null, "residual": null}
{"ts": "2026-06-05T21:19:10.266266+00:00", "strategy": "carry_fred", "equity": 100000.0, "regime_active": true, "cost_pips": 0.0, "cost_usd": 0.0, "swap_usd": 0.0, "modeled_equity": null, "residual": null}
{"ts": "2026-06-05T21:19:23.958520+00:00", "strategy": "vt", "equity": 100000.0, "cost_pips": 0.0, "cost_usd": 0.0, "swap_usd": 0.0, "modeled_equity": null, "residual": null}
{"ts": "2026-06-05T21:19:24.980732+00:00", "strategy": "vt", "equity": 100000.0, "cost_pips": 0.0, "cost_usd": 0.0, "swap_usd": 0.0, "modeled_equity": null, "residual": null}
{"ts": "2026-06-05T21:19:26.001105+00:00", "strategy": "vt", "equity": 100000.0, "cost_pips": 0.0, "cost_usd": 0.0, "swap_usd": 0.0, "modeled_equity": null, "residual": null}
{"ts": "2026-06-05T21:19:27.057907+00:00", "strategy": "vt", "equity": 100000.0, "cost_pips": 0.0, "cost_usd": 0.0, "swap_usd": 0.0, "modeled_equity": null, "residual": null}
{"ts": "2026-06-05T21:19:28.086920+00:00", "strategy": "vt", "equity": 100000.0, "cost_pips": 0.0, "cost_usd": 0.0, "swap_usd": 0.0, "modeled_equity": null, "residual": null}
{"ts": "2026-06-05T21:19:29.112654+00:00", "strategy": "vt", "equity": 100000.0, "cost_pips": 0.0, "cost_usd": 0.0, "swap_usd": 0.0, "modeled_equity": null, "residual": null}
{"ts": "2026-06-07T02:02:20.637004+00:00", "strategy": "vt", "equity": 1000000.0, "cost_pips": 0.75, "cost_usd": 60.1728, "swap_usd": 0.0, "modeled_equity": null, "residual": null}
{"ts": "2026-06-07T02:04:34.893124+00:00", "strategy": "vt", "equity": 1000000.0, "cost_pips": 0.75, "cost_usd": 60.1728, "swap_usd": 0.0, "modeled_equity": null, "residual": null}
{"ts": "2026-06-07T02:06:42.500268+00:00", "strategy": "vt", "equity": 1000000.0, "cost_pips": 0.75, "cost_usd": 60.1728, "swap_usd": 0.0, "modeled_equity": null, "residual": null}
{"ts": "2026-06-07T02:11:38.034470+00:00", "strategy": "vt", "equity": 100000.0, "cost_pips": 0.75, "cost_usd": 0.075, "swap_usd": 0.0, "modeled_equity": null, "residual": null}
{"ts": "2026-06-07T02:11:40.052043+00:00", "strategy": "vt", "equity": 100000.0, "cost_pips": 0.75, "cost_usd": 0.05, "swap_usd": 0.0, "modeled_equity": null, "residual": null}
{"ts": "2026-06-07T02:11:42.482903+00:00", "strategy": "vt", "equity": 100000.0, "cost_pips": 0.0, "cost_usd": 0.0, "swap_usd": 0.0, "modeled_equity": null, "residual": null}
{"ts": "2026-06-07T02:11:43.818725+00:00", "strategy": "vt", "equity": 100000.0, "cost_pips": 0.0, "cost_usd": 0.0, "swap_usd": 0.0, "modeled_equity": null, "residual": null}
{"ts": "2026-06-07T02:11:45.157946+00:00", "strategy": "carry_fred", "equity": 100000.0, "regime_active": true, "cost_pips": 0.0, "cost_usd": 0.0, "swap_usd": 0.0, "modeled_equity": null, "residual": null}
{"ts": "2026-06-07T02:11:46.495981+00:00", "strategy": "carry_fred", "equity": 100000.0, "regime_active": true, "cost_pips": 0.0, "cost_usd": 0.0, "swap_usd": 0.0, "modeled_equity": null, "residual": null}
{"ts": "2026-06-07T02:11:48.851909+00:00", "strategy": "vt", "equity": 100000.0, "cost_pips": 0.0, "cost_usd": 0.0, "swap_usd": 0.0, "modeled_equity": null, "residual": null}
{"ts": "2026-06-07T02:11:51.208301+00:00", "strategy": "carry_fred", "equity": 100000.0, "regime_active": true, "cost_pips": 0.0, "cost_usd": 0.0, "swap_usd": 0.0, "modeled_equity": null, "residual": null}
{"ts": "2026-06-07T02:11:52.836405+00:00", "strategy": "vt", "equity": 100000.0, "cost_pips": 0.0, "cost_usd": 0.0, "swap_usd": 0.0, "modeled_equity": null, "residual": null}
{"ts": "2026-06-07T02:11:54.469498+00:00", "strategy": "carry_fred", "equity": 100000.0, "regime_active": true, "cost_pips": 0.0, "cost_usd": 0.0, "swap_usd": 0.0, "modeled_equity": null, "residual": null}
{"ts": "2026-06-07T02:12:08.173654+00:00", "strategy": "vt", "equity": 100000.0, "cost_pips": 0.0, "cost_usd": 0.0, "swap_usd": 0.0, "modeled_equity": null, "residual": null}
{"ts": "2026-06-07T02:12:09.196392+00:00", "strategy": "vt", "equity": 100000.0, "cost_pips": 0.0, "cost_usd": 0.0, "swap_usd": 0.0, "modeled_equity": null, "residual": null}
{"ts": "2026-06-07T02:12:10.218961+00:00", "strategy": "vt", "equity": 100000.0, "cost_pips": 0.0, "cost_usd": 0.0, "swap_usd": 0.0, "modeled_equity": null, "residual": null}
{"ts": "2026-06-07T02:12:11.262434+00:00", "strategy": "vt", "equity": 100000.0, "cost_pips": 0.0, "cost_usd": 0.0, "swap_usd": 0.0, "modeled_equity": null, "residual": null}
{"ts": "2026-06-07T02:12:12.288529+00:00", "strategy": "vt", "equity": 100000.0, "cost_pips": 0.0, "cost_usd": 0.0, "swap_usd": 0.0, "modeled_equity": null, "residual": null}
{"ts": "2026-06-07T02:12:13.313746+00:00", "strategy": "vt", "equity": 100000.0, "cost_pips": 0.0, "cost_usd": 0.0, "swap_usd": 0.0, "modeled_equity": null, "residual": null}
{"ts": "2026-06-07T02:12:41.820265+00:00", "strategy": "vt", "equity": 1000000.0, "cost_pips": 0.75, "cost_usd": 60.1728, "swap_usd": 0.0, "modeled_equity": null, "residual": null}
{"ts": "2026-06-07T02:13:46.257031+00:00", "strategy": "vt", "equity": 100000.0, "cost_pips": 0.75, "cost_usd": 0.075, "swap_usd": 0.0, "modeled_equity": null, "residual": null}
{"ts": "2026-06-07T02:13:48.275733+00:00", "strategy": "vt", "equity": 100000.0, "cost_pips": 0.75, "cost_usd": 0.05, "swap_usd": 0.0, "modeled_equity": null, "residual": null}
{"ts": "2026-06-07T02:13:50.688363+00:00", "strategy": "vt", "equity": 100000.0, "cost_pips": 0.0, "cost_usd": 0.0, "swap_usd": 0.0, "modeled_equity": null, "residual": null}
{"ts": "2026-06-07T02:13:52.019079+00:00", "strategy": "vt", "equity": 100000.0, "cost_pips": 0.0, "cost_usd": 0.0, "swap_usd": 0.0, "modeled_equity": null, "residual": null}
{"ts": "2026-06-07T02:13:53.350571+00:00", "strategy": "carry_fred", "equity": 100000.0, "regime_active": true, "cost_pips": 0.0, "cost_usd": 0.0, "swap_usd": 0.0, "modeled_equity": null, "residual": null}
{"ts": "2026-06-07T02:13:54.688064+00:00", "strategy": "carry_fred", "equity": 100000.0, "regime_active": true, "cost_pips": 0.0, "cost_usd": 0.0, "swap_usd": 0.0, "modeled_equity": null, "residual": null}
{"ts": "2026-06-07T02:13:57.044555+00:00", "strategy": "vt", "equity": 100000.0, "cost_pips": 0.0, "cost_usd": 0.0, "swap_usd": 0.0, "modeled_equity": null, "residual": null}
{"ts": "2026-06-07T02:13:59.410090+00:00", "strategy": "carry_fred", "equity": 100000.0, "regime_active": true, "cost_pips": 0.0, "cost_usd": 0.0, "swap_usd": 0.0, "modeled_equity": null, "residual": null}
{"ts": "2026-06-07T02:14:01.041729+00:00", "strategy": "vt", "equity": 100000.0, "cost_pips": 0.0, "cost_usd": 0.0, "swap_usd": 0.0, "modeled_equity": null, "residual": null}
{"ts": "2026-06-07T02:14:02.665147+00:00", "strategy": "carry_fred", "equity": 100000.0, "regime_active": true, "cost_pips": 0.0, "cost_usd": 0.0, "swap_usd": 0.0, "modeled_equity": null, "residual": null}
{"ts": "2026-06-07T02:14:16.377091+00:00", "strategy": "vt", "equity": 100000.0, "cost_pips": 0.0, "cost_usd": 0.0, "swap_usd": 0.0, "modeled_equity": null, "residual": null}
{"ts": "2026-06-07T02:14:17.399543+00:00", "strategy": "vt", "equity": 100000.0, "cost_pips": 0.0, "cost_usd": 0.0, "swap_usd": 0.0, "modeled_equity": null, "residual": null}
{"ts": "2026-06-07T02:14:18.420832+00:00", "strategy": "vt", "equity": 100000.0, "cost_pips": 0.0, "cost_usd": 0.0, "swap_usd": 0.0, "modeled_equity": null, "residual": null}
{"ts": "2026-06-07T02:14:19.473936+00:00", "strategy": "vt", "equity": 100000.0, "cost_pips": 0.0, "cost_usd": 0.0, "swap_usd": 0.0, "modeled_equity": null, "residual": null}
{"ts": "2026-06-07T02:14:20.504104+00:00", "strategy": "vt", "equity": 100000.0, "cost_pips": 0.0, "cost_usd": 0.0, "swap_usd": 0.0, "modeled_equity": null, "residual": null}
{"ts": "2026-06-07T02:14:21.526241+00:00", "strategy": "vt", "equity": 100000.0, "cost_pips": 0.0, "cost_usd": 0.0, "swap_usd": 0.0, "modeled_equity": null, "residual": null}
{"ts": "2026-06-07T02:15:53.871580+00:00", "strategy": "vt", "equity": 100000.0, "cost_pips": 0.75, "cost_usd": 0.075, "swap_usd": 0.0, "modeled_equity": null, "residual": null}
{"ts": "2026-06-07T02:15:55.889777+00:00", "strategy": "vt", "equity": 100000.0, "cost_pips": 0.75, "cost_usd": 0.05, "swap_usd": 0.0, "modeled_equity": null, "residual": null}
{"ts": "2026-06-07T02:15:58.213213+00:00", "strategy": "vt", "equity": 100000.0, "cost_pips": 0.0, "cost_usd": 0.0, "swap_usd": 0.0, "modeled_equity": null, "residual": null}
{"ts": "2026-06-07T02:15:59.543416+00:00", "strategy": "vt", "equity": 100000.0, "cost_pips": 0.0, "cost_usd": 0.0, "swap_usd": 0.0, "modeled_equity": null, "residual": null}
{"ts": "2026-06-07T02:16:00.869391+00:00", "strategy": "carry_fred", "equity": 100000.0, "regime_active": true, "cost_pips": 0.0, "cost_usd": 0.0, "swap_usd": 0.0, "modeled_equity": null, "residual": null}
{"ts": "2026-06-07T02:16:02.199029+00:00", "strategy": "carry_fred", "equity": 100000.0, "regime_active": true, "cost_pips": 0.0, "cost_usd": 0.0, "swap_usd": 0.0, "modeled_equity": null, "residual": null}
{"ts": "2026-06-07T02:16:04.541969+00:00", "strategy": "vt", "equity": 100000.0, "cost_pips": 0.0, "cost_usd": 0.0, "swap_usd": 0.0, "modeled_equity": null, "residual": null}
{"ts": "2026-06-07T02:16:06.878890+00:00", "strategy": "carry_fred", "equity": 100000.0, "regime_active": true, "cost_pips": 0.0, "cost_usd": 0.0, "swap_usd": 0.0, "modeled_equity": null, "residual": null}
{"ts": "2026-06-07T02:16:08.501647+00:00", "strategy": "vt", "equity": 100000.0, "cost_pips": 0.0, "cost_usd": 0.0, "swap_usd": 0.0, "modeled_equity": null, "residual": null}
