/Users/huangtm/Projects/forex-trading-system/src/forex_system/analysis/prediction_log.py:85: UserWarning: Converting to PeriodArray/Index representation will drop timezone information.
  all_records["_month"] = pd.to_datetime(all_records["timestamp"]).dt.to_period("M")
/Users/huangtm/Projects/forex-trading-system/src/forex_system/analysis/prediction_log.py:85: UserWarning: Converting to PeriodArray/Index representation will drop timezone information.
  all_records["_month"] = pd.to_datetime(all_records["timestamp"]).dt.to_period("M")
2026-04-21 08:31:35,421 WARNING Could not fetch account balance: HTTPSConnectionPool(host='gateway.saxobank.com', port=443): Read timed out. (read timeout=30)
/Users/huangtm/Projects/forex-trading-system/src/forex_system/analysis/prediction_log.py:85: UserWarning: Converting to PeriodArray/Index representation will drop timezone information.
  all_records["_month"] = pd.to_datetime(all_records["timestamp"]).dt.to_period("M")
2026-04-21 22:49:27,729 WARNING Could not fetch account balance: HTTPSConnectionPool(host='gateway.saxobank.com', port=443): Read timed out. (read timeout=30)
2026-04-21 23:47:57,571 INFO Order placed: Buy USDJPY 1125832 Market (OrderId=5037901091)
2026-04-21 23:47:57,571 INFO Notification suppressed (quiet hours): OPEN LONG EXECUTED: USDJPY
/Users/huangtm/Projects/forex-trading-system/src/forex_system/analysis/prediction_log.py:85: UserWarning: Converting to PeriodArray/Index representation will drop timezone information.
  all_records["_month"] = pd.to_datetime(all_records["timestamp"]).dt.to_period("M")
/Users/huangtm/Projects/forex-trading-system/src/forex_system/analysis/prediction_log.py:85: UserWarning: Converting to PeriodArray/Index representation will drop timezone information.
  all_records["_month"] = pd.to_datetime(all_records["timestamp"]).dt.to_period("M")
/Users/huangtm/Projects/forex-trading-system/src/forex_system/analysis/prediction_log.py:85: UserWarning: Converting to PeriodArray/Index representation will drop timezone information.
  all_records["_month"] = pd.to_datetime(all_records["timestamp"]).dt.to_period("M")
2026-04-22 09:38:46,555 WARNING Could not fetch account balance: HTTPSConnectionPool(host='gateway.saxobank.com', port=443): Read timed out. (read timeout=30)
/Users/huangtm/Projects/forex-trading-system/src/forex_system/analysis/prediction_log.py:85: UserWarning: Converting to PeriodArray/Index representation will drop timezone information.
  all_records["_month"] = pd.to_datetime(all_records["timestamp"]).dt.to_period("M")
2026-04-22 23:42:54,694 WARNING Could not fetch account balance: HTTPSConnectionPool(host='gateway.saxobank.com', port=443): Read timed out. (read timeout=30)
============================================================
  PAPER TRADING — Vol-Target Carry (USDJPY)
  Config: config/vol_target_carry.yaml
  Mode: SUPERVISED (auto)
  Pair: USDJPY  |  leverage_cap: 2.0x  |  target_vol: 10%
  Account: REDACTED_ACCOUNT_KEY
  Equity: 1,004,274.79
  Kill switch: OK (max daily loss: 2.0%)
============================================================

Existing positions:
  USDJPY: LONG 1125832 @ 159.1430

Loop mode (every 1800s). Ctrl+C to stop.

============================================================
  Vol-Target Cycle — 2026-04-23 09:33 UTC
  Account equity: 1,004,274.73
============================================================
  Signal:        0.566  (size fraction of leverage_cap)
  Realized vol:  8.8% annualized
  Mid price:     159.7200  (bid 159.7100 / ask 159.7300)
  Target units:   1,136,300
  Current:       LONG 1125832
  Action:        HOLD (delta 1% < 20%)
/Users/huangtm/Projects/forex-trading-system/src/forex_system/analysis/prediction_log.py:85: UserWarning: Converting to PeriodArray/Index representation will drop timezone information.
  all_records["_month"] = pd.to_datetime(all_records["timestamp"]).dt.to_period("M")

Next check in 1800s...
============================================================
  PAPER TRADING — Vol-Target Carry (USDJPY)
  Config: config/vol_target_carry.yaml
  Mode: SUPERVISED (auto)
  Pair: USDJPY  |  leverage_cap: 2.0x  |  target_vol: 10%
  Account: REDACTED_ACCOUNT_KEY
  Equity: 1,004,332.41
  Kill switch: OK (max daily loss: 2.0%)
============================================================

Existing positions:
  USDJPY: LONG 1125832 @ 159.1430

Loop mode (every 1800s). Ctrl+C to stop.

============================================================
  Vol-Target Cycle — 2026-04-23 09:38 UTC
  Account equity: 1,004,332.41
============================================================
  Signal:        0.566  (size fraction of leverage_cap)
  Realized vol:  8.8% annualized
  Mid price:     159.7300  (bid 159.7200 / ask 159.7400)
  Target units:   1,136,355
  Current:       LONG 1125832
  Action:        HOLD (delta 1% < 20%)

  --- monitor-only signals ---
  [monitor GBPUSD] signal=0.750  vol=6.7%  price=1.3502
/Users/huangtm/Projects/forex-trading-system/src/forex_system/analysis/prediction_log.py:85: UserWarning: Converting to PeriodArray/Index representation will drop timezone information.
  all_records["_month"] = pd.to_datetime(all_records["timestamp"]).dt.to_period("M")

Next check in 1800s...

============================================================
  Vol-Target Cycle — 2026-04-23 14:46 UTC
  Account equity: 1,002,419.49
============================================================
  Signal:        0.566  (size fraction of leverage_cap)
  Realized vol:  8.8% annualized
  Mid price:     159.4200  (bid 159.4100 / ask 159.4300)
  Target units:   1,134,236
  Current:       LONG 1125832
  Action:        HOLD (delta 1% < 20%)

  --- monitor-only signals ---
  [monitor GBPUSD] signal=0.750  vol=6.7%  price=1.3508
/Users/huangtm/Projects/forex-trading-system/src/forex_system/analysis/prediction_log.py:85: UserWarning: Converting to PeriodArray/Index representation will drop timezone information.
  all_records["_month"] = pd.to_datetime(all_records["timestamp"]).dt.to_period("M")

Next check in 1800s...
